[1126/125251.670:ERROR:file_io.cc(89)] ReadExactly: expected 36, observed 0
[0605/135126.922:ERROR:process_memory_win.cc(73)] ReadMemory at 0x1d169ae7350 of 72 bytes failed: Only part of a ReadProcessMemory or WriteProcessMemory request was completed. (0x12B)
[0605/135127.271:WARNING:pe_image_annotations_reader.cc(134)] could not read annotations list object in C:\Program Files (x86)\Google\Chrome\Application\83.0.4103.61\chrome_elf.dll
[0605/135127.271:ERROR:process_memory_win.cc(73)] ReadMemory at 0x7ff8223a0000 of 64 bytes failed: Only part of a ReadProcessMemory or WriteProcessMemory request was completed. (0x12B)
[0605/135127.271:WARNING:pe_image_reader.cc(340)] could not read dos header from C:\WINDOWS\SYSTEM32\VERSION.dll
[0605/135127.334:ERROR:process_memory_win.cc(73)] ReadMemory at 0x7ff830000000 of 64 bytes failed: Only part of a ReadProcessMemory or WriteProcessMemory request was completed. (0x12B)
[0605/135127.334:WARNING:pe_image_reader.cc(340)] could not read dos header from C:\WINDOWS\System32\msvcrt.dll
[0605/135127.334:ERROR:process_memory_win.cc(73)] ReadMemory at 0x7ff82e9c0000 of 64 bytes failed: Only part of a ReadProcessMemory or WriteProcessMemory request was completed. (0x12B)
[0605/135127.334:WARNING:pe_image_reader.cc(340)] could not read dos header from C:\WINDOWS\System32\bcryptPrimitives.dll
[0605/135127.334:ERROR:process_memory_win.cc(73)] ReadMemory at 0x7ff830ed0000 of 64 bytes failed: Only part of a ReadProcessMemory or WriteProcessMemory request was completed. (0x12B)
[0605/135127.334:WARNING:pe_image_reader.cc(340)] could not read dos header from C:\WINDOWS\System32\ADVAPI32.dll
[0605/135127.335:ERROR:process_memory_win.cc(73)] ReadMemory at 0x7ff830140000 of 64 bytes failed: Only part of a ReadProcessMemory or WriteProcessMemory request was completed. (0x12B)
[0605/135127.335:WARNING:pe_image_reader.cc(340)] could not read dos header from C:\WINDOWS\System32\sechost.dll
[0605/135127.335:ERROR:process_memory_win.cc(73)] ReadMemory at 0x7ff82f380000 of 64 bytes failed: Only part of a ReadProcessMemory or WriteProcessMemory request was completed. (0x12B)
[0605/135127.335:WARNING:pe_image_reader.cc(340)] could not read dos header from C:\WINDOWS\System32\RPCRT4.dll
[0605/135127.335:ERROR:process_memory_win.cc(73)] ReadMemory at 0x7fffd1240000 of 64 bytes failed: Only part of a ReadProcessMemory or WriteProcessMemory request was completed. (0x12B)
[0605/135127.335:WARNING:pe_image_reader.cc(340)] could not read dos header from C:\Program Files (x86)\Google\Chrome\Application\83.0.4103.61\chrome.dll
[0605/135127.335:ERROR:process_memory_win.cc(73)] ReadMemory at 0x1d169a50000 of 64 bytes failed: Only part of a ReadProcessMemory or WriteProcessMemory request was completed. (0x12B)
[0605/135127.335:WARNING:pe_image_reader.cc(340)] could not read dos header from C:\WINDOWS\System32\WS2_32.dll
[0605/135127.335:ERROR:process_memory_win.cc(73)] ReadMemory at 0x7ff831130000 of 64 bytes failed: Only part of a ReadProcessMemory or WriteProcessMemory request was completed. (0x12B)
[0605/135127.335:WARNING:pe_image_reader.cc(340)] could not read dos header from C:\WINDOWS\System32\OLEAUT32.dll
[0605/135127.335:ERROR:process_memory_win.cc(73)] ReadMemory at 0x7ff82e1d0000 of 64 bytes failed: Only part of a ReadProcessMemory or WriteProcessMemory request was completed. (0x12B)
[0605/135127.335:WARNING:pe_image_reader.cc(340)] could not read dos header from C:\WINDOWS\System32\msvcp_win.dll
[0605/135127.335:ERROR:process_memory_win.cc(73)] ReadMemory at 0x7ff82e560000 of 64 bytes failed: Only part of a ReadProcessMemory or WriteProcessMemory request was completed. (0x12B)
[0605/135127.335:WARNING:pe_image_reader.cc(340)] could not read dos header from C:\WINDOWS\System32\ucrtbase.dll
[0605/135127.335:ERROR:process_memory_win.cc(73)] ReadMemory at 0x7ff8302b0000 of 64 bytes failed: Only part of a ReadProcessMemory or WriteProcessMemory request was completed. (0x12B)
[0605/135127.335:WARNING:pe_image_reader.cc(340)] could not read dos header from C:\WINDOWS\System32\combase.dll
[0605/135127.335:ERROR:process_memory_win.cc(73)] ReadMemory at 0x7ff82f1f0000 of 64 bytes failed: Only part of a ReadProcessMemory or WriteProcessMemory request was completed. (0x12B)
[0605/135127.917:WARNING:pe_image_reader.cc(340)] could not read dos header from C:\WINDOWS\System32\WINTRUST.dll
[0605/135127.917:ERROR:process_memory_win.cc(73)] ReadMemory at 0x7ff82e1b0000 of 64 bytes failed: Only part of a ReadProcessMemory or WriteProcessMemory request was completed. (0x12B)
[0605/135127.917:WARNING:pe_image_reader.cc(340)] could not read dos header from C:\WINDOWS\System32\MSASN1.dll
[0605/135127.917:ERROR:process_memory_win.cc(73)] ReadMemory at 0x7ff82e270000 of 64 bytes failed: Only part of a ReadProcessMemory or WriteProcessMemory request was completed. (0x12B)
[0605/135127.917:WARNING:pe_image_reader.cc(340)] could not read dos header from C:\WINDOWS\System32\CRYPT32.dll
[0605/135127.917:ERROR:process_memory_win.cc(73)] ReadMemory at 0x7ff82d620000 of 64 bytes failed: Only part of a ReadProcessMemory or WriteProcessMemory request was completed. (0x12B)
[0605/135127.918:WARNING:pe_image_reader.cc(340)] could not read dos header from C:\WINDOWS\SYSTEM32\IPHLPAPI.DLL
[0605/135127.918:ERROR:process_memory_win.cc(73)] ReadMemory at 0x7ff82b010000 of 64 bytes failed: Only part of a ReadProcessMemory or WriteProcessMemory request was completed. (0x12B)
[0605/135127.918:WARNING:pe_image_reader.cc(340)] could not read dos header from C:\WINDOWS\SYSTEM32\WINMM.dll
[0605/135127.918:ERROR:process_memory_win.cc(73)] ReadMemory at 0x7ff81cd90000 of 64 bytes failed: Only part of a ReadProcessMemory or WriteProcessMemory request was completed. (0x12B)
[0605/135127.918:WARNING:pe_image_reader.cc(340)] could not read dos header from C:\WINDOWS\SYSTEM32\Secur32.dll
[0605/135127.919:ERROR:process_memory_win.cc(73)] ReadMemory at 0x7ff82e020000 of 64 bytes failed: Only part of a ReadProcessMemory or WriteProcessMemory request was completed. (0x12B)
[0605/135127.919:WARNING:pe_image_reader.cc(340)] could not read dos header from C:\WINDOWS\SYSTEM32\USERENV.dll
[0605/135127.919:ERROR:process_memory_win.cc(73)] ReadMemory at 0x7ff82e180000 of 64 bytes failed: Only part of a ReadProcessMemory or WriteProcessMemory request was completed. (0x12B)
[0605/135127.919:WARNING:pe_image_reader.cc(340)] could not read dos header from C:\WINDOWS\System32\profapi.dll
[0605/135127.920:ERROR:process_memory_win.cc(73)] ReadMemory at 0x7ff814580000 of 64 bytes failed: Only part of a ReadProcessMemory or WriteProcessMemory request was completed. (0x12B)
[0605/135127.920:WARNING:pe_image_reader.cc(340)] could not read dos header from C:\WINDOWS\SYSTEM32\UIAutomationCore.DLL
[0605/135127.920:ERROR:process_memory_win.cc(73)] ReadMemory at 0x7ff81e540000 of 64 bytes failed: Only part of a ReadProcessMemory or WriteProcessMemory request was completed. (0x12B)
[0605/135127.920:WARNING:pe_image_reader.cc(340)] could not read dos header from C:\WINDOWS\SYSTEM32\DWrite.dll
[0605/135127.920:ERROR:process_memory_win.cc(73)] ReadMemory at 0x7ff820040000 of 64 bytes failed: Only part of a ReadProcessMemory or WriteProcessMemory request was completed. (0x12B)
[0605/135127.920:WARNING:pe_image_reader.cc(340)] could not read dos header from C:\WINDOWS\SYSTEM32\WINSPOOL.DRV
[0605/135127.920:ERROR:process_memory_win.cc(73)] ReadMemory at 0x7ff82e160000 of 64 bytes failed: Only part of a ReadProcessMemory or WriteProcessMemory request was completed. (0x12B)
[0605/135127.921:WARNING:pe_image_reader.cc(340)] could not read dos header from C:\WINDOWS\System32\kernel.appcore.dll
[0605/135127.921:ERROR:process_memory_win.cc(73)] ReadMemory at 0x7ff82f2a0000 of 64 bytes failed: Only part of a ReadProcessMemory or WriteProcessMemory request was completed. (0x12B)
[0605/135127.921:WARNING:pe_image_reader.cc(340)] could not read dos header from C:\WINDOWS\System32\bcrypt.dll
[0605/135127.921:ERROR:process_memory_win.cc(73)] ReadMemory at 0x7ff82c9f0000 of 64 bytes failed: Only part of a ReadProcessMemory or WriteProcessMemory request was completed. (0x12B)
[0605/135127.921:WARNING:pe_image_reader.cc(340)] could not read dos header from C:\WINDOWS\SYSTEM32\dbghelp.dll
[0605/135127.921:ERROR:process_memory_win.cc(73)] ReadMemory at 0x7ff8243d0000 of 64 bytes failed: Only part of a ReadProcessMemory or WriteProcessMemory request was completed. (0x12B)
[0605/135127.921:WARNING:pe_image_reader.cc(340)] could not read dos header from C:\WINDOWS\SYSTEM32\WINHTTP.dll
[0605/135127.921:ERROR:process_memory_win.cc(73)] ReadMemory at 0x7ff8239a0000 of 64 bytes failed: Only part of a ReadProcessMemory or WriteProcessMemory request was completed. (0x12B)
[0605/135127.921:WARNING:pe_image_reader.cc(340)] could not read dos header from C:\WINDOWS\SYSTEM32\dhcpcsvc.DLL
[0605/135127.921:ERROR:process_memory_win.cc(73)] ReadMemory at 0x7ff82f370000 of 64 bytes failed: Only part of a ReadProcessMemory or WriteProcessMemory request was completed. (0x12B)
[0605/135127.921:WARNING:pe_image_reader.cc(340)] could not read dos header from C:\WINDOWS\System32\NSI.dll
[0605/135127.922:ERROR:process_memory_win.cc(73)] ReadMemory at 0x7ff82afe0000 of 64 bytes failed: Only part of a ReadProcessMemory or WriteProcessMemory request was completed. (0x12B)
[0605/135127.922:WARNING:pe_image_reader.cc(340)] could not read dos header from C:\WINDOWS\SYSTEM32\WINMMBASE.dll
[0605/135127.922:ERROR:process_memory_win.cc(73)] ReadMemory at 0x7ff82f250000 of 64 bytes failed: Only part of a ReadProcessMemory or WriteProcessMemory request was completed. (0x12B)
[0605/135127.922:WARNING:pe_image_reader.cc(340)] could not read dos header from C:\WINDOWS\System32\cfgmgr32.dll
[0605/135127.922:ERROR:process_memory_win.cc(73)] ReadMemory at 0x7ff82c3b0000 of 64 bytes failed: Only part of a ReadProcessMemory or WriteProcessMemory request was completed. (0x12B)
[0605/135127.922:WARNING:pe_image_reader.cc(340)] could not read dos header from C:\WINDOWS\SYSTEM32\PROPSYS.dll
[0605/135127.922:ERROR:process_memory_win.cc(73)] ReadMemory at 0x7ff8305f0000 of 64 bytes failed: Only part of a ReadProcessMemory or WriteProcessMemory request was completed. (0x12B)
[0605/135127.922:WARNING:pe_image_reader.cc(340)] could not read dos header from C:\WINDOWS\System32\shcore.dll
[0605/135127.922:ERROR:process_memory_win.cc(73)] ReadMemory at 0x7ff82dff0000 of 64 bytes failed: Only part of a ReadProcessMemory or WriteProcessMemory request was completed. (0x12B)
[0605/135127.922:WARNING:pe_image_reader.cc(340)] could not read dos header from C:\WINDOWS\SYSTEM32\SSPICLI.DLL
[0605/135127.922:ERROR:process_memory_win.cc(73)] ReadMemory at 0x7ff82db40000 of 64 bytes failed: Only part of a ReadProcessMemory or WriteProcessMemory request was completed. (0x12B)
[0605/135127.922:WARNING:pe_image_reader.cc(340)] could not read dos header from C:\WINDOWS\SYSTEM32\CRYPTBASE.DLL
[0605/135128.267:ERROR:process_memory_win.cc(73)] ReadMemory at 0x7ff6fb5c0000 of 64 bytes failed: Only part of a ReadProcessMemory or WriteProcessMemory request was completed. (0x12B)
[0605/135128.267:WARNING:pe_image_reader.cc(340)] could not read dos header from C:\Program Files (x86)\Google\Chrome\Application\chrome.exe
[0605/135128.268:ERROR:process_memory_win.cc(73)] ReadMemory at 0x7ff831240000 of 64 bytes failed: Only part of a ReadProcessMemory or WriteProcessMemory request was completed. (0x12B)
[0605/135128.268:WARNING:pe_image_reader.cc(340)] could not read dos header from C:\WINDOWS\SYSTEM32\ntdll.dll
[0605/135128.268:ERROR:process_memory_win.cc(73)] ReadMemory at 0x7ff82f7e0000 of 64 bytes failed: Only part of a ReadProcessMemory or WriteProcessMemory request was completed. (0x12B)
[0605/135128.268:WARNING:pe_image_reader.cc(340)] could not read dos header from C:\WINDOWS\System32\KERNEL32.DLL
[0605/135128.268:ERROR:process_memory_win.cc(73)] ReadMemory at 0x7ff82e710000 of 64 bytes failed: Only part of a ReadProcessMemory or WriteProcessMemory request was completed. (0x12B)
[0605/135128.268:WARNING:pe_image_reader.cc(340)] could not read dos header from C:\WINDOWS\System32\KERNELBASE.dll
[0605/135128.268:ERROR:process_memory_win.cc(73)] ReadMemory at 0x7ff80fe70000 of 64 bytes failed: Only part of a ReadProcessMemory or WriteProcessMemory request was completed. (0x12B)
[0605/135128.513:WARNING:pe_image_reader.cc(340)] could not read dos header from C:\Program Files (x86)\Google\Chrome\Application\83.0.4103.61\chrome_elf.dll
[0605/135128.513:ERROR:process_memory_win.cc(73)] ReadMemory at 0x7ff8223a0000 of 64 bytes failed: Only part of a ReadProcessMemory or WriteProcessMemory request was completed. (0x12B)
[0605/135128.513:WARNING:pe_image_reader.cc(340)] could not read dos header from C:\WINDOWS\SYSTEM32\VERSION.dll
[0605/135128.513:ERROR:process_memory_win.cc(73)] ReadMemory at 0x7ff830000000 of 64 bytes failed: Only part of a ReadProcessMemory or WriteProcessMemory request was completed. (0x12B)
[0605/135128.513:WARNING:pe_image_reader.cc(340)] could not read dos header from C:\WINDOWS\System32\msvcrt.dll
[0605/135128.513:ERROR:process_memory_win.cc(73)] ReadMemory at 0x7ff82e9c0000 of 64 bytes failed: Only part of a ReadProcessMemory or WriteProcessMemory request was completed. (0x12B)
[0605/135128.513:WARNING:pe_image_reader.cc(340)] could not read dos header from C:\WINDOWS\System32\bcryptPrimitives.dll
[0605/135128.513:ERROR:process_memory_win.cc(73)] ReadMemory at 0x7ff830ed0000 of 64 bytes failed: Only part of a ReadProcessMemory or WriteProcessMemory request was completed. (0x12B)
[0605/135128.513:WARNING:pe_image_reader.cc(340)] could not read dos header from C:\WINDOWS\System32\ADVAPI32.dll
[0605/135128.513:ERROR:process_memory_win.cc(73)] ReadMemory at 0x7ff830140000 of 64 bytes failed: Only part of a ReadProcessMemory or WriteProcessMemory request was completed. (0x12B)
[0605/135128.513:WARNING:pe_image_reader.cc(340)] could not read dos header from C:\WINDOWS\System32\sechost.dll
[0605/135128.513:ERROR:process_memory_win.cc(73)] ReadMemory at 0x7ff82f380000 of 64 bytes failed: Only part of a ReadProcessMemory or WriteProcessMemory request was completed. (0x12B)
[0605/135128.513:WARNING:pe_image_reader.cc(340)] could not read dos header from C:\WINDOWS\System32\RPCRT4.dll
[0605/135128.513:ERROR:process_memory_win.cc(73)] ReadMemory at 0x7fffd1240000 of 64 bytes failed: Only part of a ReadProcessMemory or WriteProcessMemory request was completed. (0x12B)
[0605/135128.513:WARNING:pe_image_reader.cc(340)] could not read dos header from C:\Program Files (x86)\Google\Chrome\Application\83.0.4103.61\chrome.dll
[0605/135128.513:ERROR:process_memory_win.cc(73)] ReadMemory at 0x1d169a50000 of 64 bytes failed: Only part of a ReadProcessMemory or WriteProcessMemory request was completed. (0x12B)
[0605/135128.513:WARNING:pe_image_reader.cc(340)] could not read dos header from C:\WINDOWS\System32\WS2_32.dll
[0605/135128.513:ERROR:process_memory_win.cc(73)] ReadMemory at 0x7ff831130000 of 64 bytes failed: Only part of a ReadProcessMemory or WriteProcessMemory request was completed. (0x12B)
[0605/135128.513:WARNING:pe_image_reader.cc(340)] could not read dos header from C:\WINDOWS\System32\OLEAUT32.dll
[0605/135128.514:ERROR:process_memory_win.cc(73)] ReadMemory at 0x7ff82e1d0000 of 64 bytes failed: Only part of a ReadProcessMemory or WriteProcessMemory request was completed. (0x12B)
[0605/135128.514:WARNING:pe_image_reader.cc(340)] could not read dos header from C:\WINDOWS\System32\msvcp_win.dll
[0605/135128.514:ERROR:process_memory_win.cc(73)] ReadMemory at 0x7ff82e560000 of 64 bytes failed: Only part of a ReadProcessMemory or WriteProcessMemory request was completed. (0x12B)
[0605/135128.514:WARNING:pe_image_reader.cc(340)] could not read dos header from C:\WINDOWS\System32\ucrtbase.dll
[0605/135128.514:ERROR:process_memory_win.cc(73)] ReadMemory at 0x7ff8302b0000 of 64 bytes failed: Only part of a ReadProcessMemory or WriteProcessMemory request was completed. (0x12B)
[0605/135128.514:WARNING:pe_image_reader.cc(340)] could not read dos header from C:\WINDOWS\System32\combase.dll
[0605/135128.514:ERROR:process_memory_win.cc(73)] ReadMemory at 0x7ff82f1f0000 of 64 bytes failed: Only part of a ReadProcessMemory or WriteProcessMemory request was completed. (0x12B)
[0605/135128.514:WARNING:pe_image_reader.cc(340)] could not read dos header from C:\WINDOWS\System32\WINTRUST.dll
[0605/135128.514:ERROR:process_memory_win.cc(73)] ReadMemory at 0x7ff82e1b0000 of 64 bytes failed: Only part of a ReadProcessMemory or WriteProcessMemory request was completed. (0x12B)
[0605/135128.514:WARNING:pe_image_reader.cc(340)] could not read dos header from C:\WINDOWS\System32\MSASN1.dll
[0605/135128.514:ERROR:process_memory_win.cc(73)] ReadMemory at 0x7ff82e270000 of 64 bytes failed: Only part of a ReadProcessMemory or WriteProcessMemory request was completed. (0x12B)
[0605/135128.514:WARNING:pe_image_reader.cc(340)] could not read dos header from C:\WINDOWS\System32\CRYPT32.dll
[0605/135128.514:ERROR:process_memory_win.cc(73)] ReadMemory at 0x7ff82d620000 of 64 bytes failed: Only part of a ReadProcessMemory or WriteProcessMemory request was completed. (0x12B)
[0605/135128.514:WARNING:pe_image_reader.cc(340)] could not read dos header from C:\WINDOWS\SYSTEM32\IPHLPAPI.DLL
[0605/135128.514:ERROR:process_memory_win.cc(73)] ReadMemory at 0x7ff82b010000 of 64 bytes failed: Only part of a ReadProcessMemory or WriteProcessMemory request was completed. (0x12B)
[0605/135128.514:WARNING:pe_image_reader.cc(340)] could not read dos header from C:\WINDOWS\SYSTEM32\WINMM.dll
[0605/135128.514:ERROR:process_memory_win.cc(73)] ReadMemory at 0x7ff81cd90000 of 64 bytes failed: Only part of a ReadProcessMemory or WriteProcessMemory request was completed. (0x12B)
[0605/135128.514:WARNING:pe_image_reader.cc(340)] could not read dos header from C:\WINDOWS\SYSTEM32\Secur32.dll
[0605/135128.514:ERROR:process_memory_win.cc(73)] ReadMemory at 0x7ff82e020000 of 64 bytes failed: Only part of a ReadProcessMemory or WriteProcessMemory request was completed. (0x12B)
[0605/135128.514:WARNING:pe_image_reader.cc(340)] could not read dos header from C:\WINDOWS\SYSTEM32\USERENV.dll
[0605/135128.514:ERROR:process_memory_win.cc(73)] ReadMemory at 0x7ff82e180000 of 64 bytes failed: Only part of a ReadProcessMemory or WriteProcessMemory request was completed. (0x12B)
[0605/135128.514:WARNING:pe_image_reader.cc(340)] could not read dos header from C:\WINDOWS\System32\profapi.dll
[0605/135128.515:ERROR:process_memory_win.cc(73)] ReadMemory at 0x7ff814580000 of 64 bytes failed: Only part of a ReadProcessMemory or WriteProcessMemory request was completed. (0x12B)
[0605/135128.515:WARNING:pe_image_reader.cc(340)] could not read dos header from C:\WINDOWS\SYSTEM32\UIAutomationCore.DLL
[0605/135128.515:ERROR:process_memory_win.cc(73)] ReadMemory at 0x7ff81e540000 of 64 bytes failed: Only part of a ReadProcessMemory or WriteProcessMemory request was completed. (0x12B)
[0605/135128.515:WARNING:pe_image_reader.cc(340)] could not read dos header from C:\WINDOWS\SYSTEM32\DWrite.dll
[0605/135128.515:ERROR:process_memory_win.cc(73)] ReadMemory at 0x7ff820040000 of 64 bytes failed: Only part of a ReadProcessMemory or WriteProcessMemory request was completed. (0x12B)
[0605/135128.515:WARNING:pe_image_reader.cc(340)] could not read dos header from C:\WINDOWS\SYSTEM32\WINSPOOL.DRV
[0605/135128.515:ERROR:process_memory_win.cc(73)] ReadMemory at 0x7ff82e160000 of 64 bytes failed: Only part of a ReadProcessMemory or WriteProcessMemory request was completed. (0x12B)
[0605/135128.515:WARNING:pe_image_reader.cc(340)] could not read dos header from C:\WINDOWS\System32\kernel.appcore.dll
[0605/135128.515:ERROR:process_memory_win.cc(73)] ReadMemory at 0x7ff82f2a0000 of 64 bytes failed: Only part of a ReadProcessMemory or WriteProcessMemory request was completed. (0x12B)
[0605/135128.515:WARNING:pe_image_reader.cc(340)] could not read dos header from C:\WINDOWS\System32\bcrypt.dll
[0605/135128.515:ERROR:process_memory_win.cc(73)] ReadMemory at 0x7ff82c9f0000 of 64 bytes failed: Only part of a ReadProcessMemory or WriteProcessMemory request was completed. (0x12B)
[0605/135128.515:WARNING:pe_image_reader.cc(340)] could not read dos header from C:\WINDOWS\SYSTEM32\dbghelp.dll
[0605/135128.515:ERROR:process_memory_win.cc(73)] ReadMemory at 0x7ff8243d0000 of 64 bytes failed: Only part of a ReadProcessMemory or WriteProcessMemory request was completed. (0x12B)
[0605/135128.515:WARNING:pe_image_reader.cc(340)] could not read dos header from C:\WINDOWS\SYSTEM32\WINHTTP.dll
[0605/135128.515:ERROR:process_memory_win.cc(73)] ReadMemory at 0x7ff8239a0000 of 64 bytes failed: Only part of a ReadProcessMemory or WriteProcessMemory request was completed. (0x12B)
[0605/135128.515:WARNING:pe_image_reader.cc(340)] could not read dos header from C:\WINDOWS\SYSTEM32\dhcpcsvc.DLL
[0605/135128.515:ERROR:process_memory_win.cc(73)] ReadMemory at 0x7ff82f370000 of 64 bytes failed: Only part of a ReadProcessMemory or WriteProcessMemory request was completed. (0x12B)
[0605/135128.515:WARNING:pe_image_reader.cc(340)] could not read dos header from C:\WINDOWS\System32\NSI.dll
[0605/135128.516:ERROR:process_memory_win.cc(73)] ReadMemory at 0x7ff82afe0000 of 64 bytes failed: Only part of a ReadProcessMemory or WriteProcessMemory request was completed. (0x12B)
[0605/135128.516:WARNING:pe_image_reader.cc(340)] could not read dos header from C:\WINDOWS\SYSTEM32\WINMMBASE.dll
[0605/135128.516:ERROR:process_memory_win.cc(73)] ReadMemory at 0x7ff82f250000 of 64 bytes failed: Only part of a ReadProcessMemory or WriteProcessMemory request was completed. (0x12B)
[0605/135128.516:WARNING:pe_image_reader.cc(340)] could not read dos header from C:\WINDOWS\System32\cfgmgr32.dll
[0605/135128.516:ERROR:process_memory_win.cc(73)] ReadMemory at 0x7ff82c3b0000 of 64 bytes failed: Only part of a ReadProcessMemory or WriteProcessMemory request was completed. (0x12B)
[0605/135128.516:WARNING:pe_image_reader.cc(340)] could not read dos header from C:\WINDOWS\SYSTEM32\PROPSYS.dll
[0605/135128.516:ERROR:process_memory_win.cc(73)] ReadMemory at 0x7ff8305f0000 of 64 bytes failed: Only part of a ReadProcessMemory or WriteProcessMemory request was completed. (0x12B)
[0605/135128.516:WARNING:pe_image_reader.cc(340)] could not read dos header from C:\WINDOWS\System32\shcore.dll
[0605/135128.516:ERROR:process_memory_win.cc(73)] ReadMemory at 0x7ff82dff0000 of 64 bytes failed: Only part of a ReadProcessMemory or WriteProcessMemory request was completed. (0x12B)
[0605/135128.516:WARNING:pe_image_reader.cc(340)] could not read dos header from C:\WINDOWS\SYSTEM32\SSPICLI.DLL
[0605/135128.516:ERROR:process_memory_win.cc(73)] ReadMemory at 0x7ff82db40000 of 64 bytes failed: Only part of a ReadProcessMemory or WriteProcessMemory request was completed. (0x12B)
[0605/135128.516:WARNING:pe_image_reader.cc(340)] could not read dos header from C:\WINDOWS\SYSTEM32\CRYPTBASE.DLL
[0605/135128.516:ERROR:process_memory_win.cc(73)] ReadMemory at 0x7ff6fb5c0000 of 64 bytes failed: Only part of a ReadProcessMemory or WriteProcessMemory request was completed. (0x12B)
[0605/135128.516:WARNING:pe_image_reader.cc(340)] could not read dos header from C:\Program Files (x86)\Google\Chrome\Application\chrome.exe
[0605/135128.516:ERROR:process_memory_win.cc(73)] ReadMemory at 0x7ff831240000 of 64 bytes failed: Only part of a ReadProcessMemory or WriteProcessMemory request was completed. (0x12B)
[0605/135128.516:WARNING:pe_image_reader.cc(340)] could not read dos header from C:\WINDOWS\SYSTEM32\ntdll.dll
[0605/135128.516:ERROR:process_memory_win.cc(73)] ReadMemory at 0x7ff82f7e0000 of 64 bytes failed: Only part of a ReadProcessMemory or WriteProcessMemory request was completed. (0x12B)
[0605/135128.516:WARNING:pe_image_reader.cc(340)] could not read dos header from C:\WINDOWS\System32\KERNEL32.DLL
[0605/135128.516:ERROR:process_memory_win.cc(73)] ReadMemory at 0x7ff82e710000 of 64 bytes failed: Only part of a ReadProcessMemory or WriteProcessMemory request was completed. (0x12B)
[0605/135128.517:WARNING:pe_image_reader.cc(340)] could not read dos header from C:\WINDOWS\System32\KERNELBASE.dll
[0605/135128.517:ERROR:process_memory_win.cc(73)] ReadMemory at 0x7ff80fe70000 of 64 bytes failed: Only part of a ReadProcessMemory or WriteProcessMemory request was completed. (0x12B)
[0605/135128.517:WARNING:pe_image_reader.cc(340)] could not read dos header from C:\Program Files (x86)\Google\Chrome\Application\83.0.4103.61\chrome_elf.dll
[0605/135128.517:ERROR:process_memory_win.cc(73)] ReadMemory at 0x7ff8223a0000 of 64 bytes failed: Only part of a ReadProcessMemory or WriteProcessMemory request was completed. (0x12B)
[0605/135128.517:WARNING:pe_image_reader.cc(340)] could not read dos header from C:\WINDOWS\SYSTEM32\VERSION.dll
[0605/135128.517:ERROR:process_memory_win.cc(73)] ReadMemory at 0x7ff830000000 of 64 bytes failed: Only part of a ReadProcessMemory or WriteProcessMemory request was completed. (0x12B)
[0605/135128.517:WARNING:pe_image_reader.cc(340)] could not read dos header from C:\WINDOWS\System32\msvcrt.dll
[0605/135128.517:ERROR:process_memory_win.cc(73)] ReadMemory at 0x7ff82e9c0000 of 64 bytes failed: Only part of a ReadProcessMemory or WriteProcessMemory request was completed. (0x12B)
[0605/135128.517:WARNING:pe_image_reader.cc(340)] could not read dos header from C:\WINDOWS\System32\bcryptPrimitives.dll
[0605/135128.517:ERROR:process_memory_win.cc(73)] ReadMemory at 0x7ff830ed0000 of 64 bytes failed: Only part of a ReadProcessMemory or WriteProcessMemory request was completed. (0x12B)
[0605/135128.517:WARNING:pe_image_reader.cc(340)] could not read dos header from C:\WINDOWS\System32\ADVAPI32.dll
[0605/135128.517:ERROR:process_memory_win.cc(73)] ReadMemory at 0x7ff830140000 of 64 bytes failed: Only part of a ReadProcessMemory or WriteProcessMemory request was completed. (0x12B)
[0605/135128.517:WARNING:pe_image_reader.cc(340)] could not read dos header from C:\WINDOWS\System32\sechost.dll
[0605/135128.517:ERROR:process_memory_win.cc(73)] ReadMemory at 0x7ff82f380000 of 64 bytes failed: Only part of a ReadProcessMemory or WriteProcessMemory request was completed. (0x12B)
[0605/135128.517:WARNING:pe_image_reader.cc(340)] could not read dos header from C:\WINDOWS\System32\RPCRT4.dll
[0605/135128.517:ERROR:process_memory_win.cc(73)] ReadMemory at 0x7fffd1240000 of 64 bytes failed: Only part of a ReadProcessMemory or WriteProcessMemory request was completed. (0x12B)
[0605/135128.517:WARNING:pe_image_reader.cc(340)] could not read dos header from C:\Program Files (x86)\Google\Chrome\Application\83.0.4103.61\chrome.dll
[0605/135128.517:ERROR:process_memory_win.cc(73)] ReadMemory at 0x1d169a50000 of 64 bytes failed: Only part of a ReadProcessMemory or WriteProcessMemory request was completed. (0x12B)
[0605/135128.517:WARNING:pe_image_reader.cc(340)] could not read dos header from C:\WINDOWS\System32\WS2_32.dll
[0605/135128.517:ERROR:process_memory_win.cc(73)] ReadMemory at 0x7ff831130000 of 64 bytes failed: Only part of a ReadProcessMemory or WriteProcessMemory request was completed. (0x12B)
[0605/135128.518:WARNING:pe_image_reader.cc(340)] could not read dos header from C:\WINDOWS\System32\OLEAUT32.dll
[0605/135128.518:ERROR:process_memory_win.cc(73)] ReadMemory at 0x7ff82e1d0000 of 64 bytes failed: Only part of a ReadProcessMemory or WriteProcessMemory request was completed. (0x12B)
[0605/135128.518:WARNING:pe_image_reader.cc(340)] could not read dos header from C:\WINDOWS\System32\msvcp_win.dll
[0605/135128.518:ERROR:process_memory_win.cc(73)] ReadMemory at 0x7ff82e560000 of 64 bytes failed: Only part of a ReadProcessMemory or WriteProcessMemory request was completed. (0x12B)
[0605/135128.518:WARNING:pe_image_reader.cc(340)] could not read dos header from C:\WINDOWS\System32\ucrtbase.dll
[0605/135128.518:ERROR:process_memory_win.cc(73)] ReadMemory at 0x7ff8302b0000 of 64 bytes failed: Only part of a ReadProcessMemory or WriteProcessMemory request was completed. (0x12B)
[0605/135128.518:WARNING:pe_image_reader.cc(340)] could not read dos header from C:\WINDOWS\System32\combase.dll
[0605/135128.518:ERROR:process_memory_win.cc(73)] ReadMemory at 0x7ff82f1f0000 of 64 bytes failed: Only part of a ReadProcessMemory or WriteProcessMemory request was completed. (0x12B)
[0605/135128.518:WARNING:pe_image_reader.cc(340)] could not read dos header from C:\WINDOWS\System32\WINTRUST.dll
[0605/135128.518:ERROR:process_memory_win.cc(73)] ReadMemory at 0x7ff82e1b0000 of 64 bytes failed: Only part of a ReadProcessMemory or WriteProcessMemory request was completed. (0x12B)
[0605/135128.518:WARNING:pe_image_reader.cc(340)] could not read dos header from C:\WINDOWS\System32\MSASN1.dll
[0605/135128.518:ERROR:process_memory_win.cc(73)] ReadMemory at 0x7ff82e270000 of 64 bytes failed: Only part of a ReadProcessMemory or WriteProcessMemory request was completed. (0x12B)
[0605/135128.518:WARNING:pe_image_reader.cc(340)] could not read dos header from C:\WINDOWS\System32\CRYPT32.dll
[0605/135128.518:ERROR:process_memory_win.cc(73)] ReadMemory at 0x7ff82d620000 of 64 bytes failed: Only part of a ReadProcessMemory or WriteProcessMemory request was completed. (0x12B)
[0605/135128.518:WARNING:pe_image_reader.cc(340)] could not read dos header from C:\WINDOWS\SYSTEM32\IPHLPAPI.DLL
[0605/135128.518:ERROR:process_memory_win.cc(73)] ReadMemory at 0x7ff82b010000 of 64 bytes failed: Only part of a ReadProcessMemory or WriteProcessMemory request was completed. (0x12B)
[0605/135128.518:WARNING:pe_image_reader.cc(340)] could not read dos header from C:\WINDOWS\SYSTEM32\WINMM.dll
[0605/135128.518:ERROR:process_memory_win.cc(73)] ReadMemory at 0x7ff81cd90000 of 64 bytes failed: Only part of a ReadProcessMemory or WriteProcessMemory request was completed. (0x12B)
[0605/135128.518:WARNING:pe_image_reader.cc(340)] could not read dos header from C:\WINDOWS\SYSTEM32\Secur32.dll
[0605/135128.518:ERROR:process_memory_win.cc(73)] ReadMemory at 0x7ff82e020000 of 64 bytes failed: Only part of a ReadProcessMemory or WriteProcessMemory request was completed. (0x12B)
[0605/135128.518:WARNING:pe_image_reader.cc(340)] could not read dos header from C:\WINDOWS\SYSTEM32\USERENV.dll
[0605/135128.518:ERROR:process_memory_win.cc(73)] ReadMemory at 0x7ff82e180000 of 64 bytes failed: Only part of a ReadProcessMemory or WriteProcessMemory request was completed. (0x12B)
[0605/135128.518:WARNING:pe_image_reader.cc(340)] could not read dos header from C:\WINDOWS\System32\profapi.dll
[0605/135128.519:ERROR:process_memory_win.cc(73)] ReadMemory at 0x7ff814580000 of 64 bytes failed: Only part of a ReadProcessMemory or WriteProcessMemory request was completed. (0x12B)
[0605/135128.519:WARNING:pe_image_reader.cc(340)] could not read dos header from C:\WINDOWS\SYSTEM32\UIAutomationCore.DLL
[0605/135128.519:ERROR:process_memory_win.cc(73)] ReadMemory at 0x7ff81e540000 of 64 bytes failed: Only part of a ReadProcessMemory or WriteProcessMemory request was completed. (0x12B)
[0605/135128.519:WARNING:pe_image_reader.cc(340)] could not read dos header from C:\WINDOWS\SYSTEM32\DWrite.dll
[0605/135128.519:ERROR:process_memory_win.cc(73)] ReadMemory at 0x7ff820040000 of 64 bytes failed: Only part of a ReadProcessMemory or WriteProcessMemory request was completed. (0x12B)
[0605/135128.519:WARNING:pe_image_reader.cc(340)] could not read dos header from C:\WINDOWS\SYSTEM32\WINSPOOL.DRV
[0605/135128.519:ERROR:process_memory_win.cc(73)] ReadMemory at 0x7ff82e160000 of 64 bytes failed: Only part of a ReadProcessMemory or WriteProcessMemory request was completed. (0x12B)
[0605/135128.519:WARNING:pe_image_reader.cc(340)] could not read dos header from C:\WINDOWS\System32\kernel.appcore.dll
[0605/135128.519:ERROR:process_memory_win.cc(73)] ReadMemory at 0x7ff82f2a0000 of 64 bytes failed: Only part of a ReadProcessMemory or WriteProcessMemory request was completed. (0x12B)
[0605/135128.519:WARNING:pe_image_reader.cc(340)] could not read dos header from C:\WINDOWS\System32\bcrypt.dll
[0605/135128.519:ERROR:process_memory_win.cc(73)] ReadMemory at 0x7ff82c9f0000 of 64 bytes failed: Only part of a ReadProcessMemory or WriteProcessMemory request was completed. (0x12B)
[0605/135128.519:WARNING:pe_image_reader.cc(340)] could not read dos header from C:\WINDOWS\SYSTEM32\dbghelp.dll
[0605/135128.519:ERROR:process_memory_win.cc(73)] ReadMemory at 0x7ff8243d0000 of 64 bytes failed: Only part of a ReadProcessMemory or WriteProcessMemory request was completed. (0x12B)
[0605/135128.519:WARNING:pe_image_reader.cc(340)] could not read dos header from C:\WINDOWS\SYSTEM32\WINHTTP.dll
[0605/135128.519:ERROR:process_memory_win.cc(73)] ReadMemory at 0x7ff8239a0000 of 64 bytes failed: Only part of a ReadProcessMemory or WriteProcessMemory request was completed. (0x12B)
[0605/135128.555:WARNING:pe_image_reader.cc(340)] could not read dos header from C:\WINDOWS\SYSTEM32\dhcpcsvc.DLL
[0605/135128.556:ERROR:process_memory_win.cc(73)] ReadMemory at 0x7ff82f370000 of 64 bytes failed: Only part of a ReadProcessMemory or WriteProcessMemory request was completed. (0x12B)
[0605/135128.556:WARNING:pe_image_reader.cc(340)] could not read dos header from C:\WINDOWS\System32\NSI.dll
[0605/135128.556:ERROR:process_memory_win.cc(73)] ReadMemory at 0x7ff82afe0000 of 64 bytes failed: Only part of a ReadProcessMemory or WriteProcessMemory request was completed. (0x12B)
[0605/135128.556:WARNING:pe_image_reader.cc(340)] could not read dos header from C:\WINDOWS\SYSTEM32\WINMMBASE.dll
[0605/135128.556:ERROR:process_memory_win.cc(73)] ReadMemory at 0x7ff82f250000 of 64 bytes failed: Only part of a ReadProcessMemory or WriteProcessMemory request was completed. (0x12B)
[0605/135128.556:WARNING:pe_image_reader.cc(340)] could not read dos header from C:\WINDOWS\System32\cfgmgr32.dll
[0605/135128.556:ERROR:process_memory_win.cc(73)] ReadMemory at 0x7ff82c3b0000 of 64 bytes failed: Only part of a ReadProcessMemory or WriteProcessMemory request was completed. (0x12B)
[0605/135128.556:WARNING:pe_image_reader.cc(340)] could not read dos header from C:\WINDOWS\SYSTEM32\PROPSYS.dll
[0605/135128.556:ERROR:process_memory_win.cc(73)] ReadMemory at 0x7ff8305f0000 of 64 bytes failed: Only part of a ReadProcessMemory or WriteProcessMemory request was completed. (0x12B)
[0605/135128.556:WARNING:pe_image_reader.cc(340)] could not read dos header from C:\WINDOWS\System32\shcore.dll
[0605/135128.557:ERROR:process_memory_win.cc(73)] ReadMemory at 0x7ff82dff0000 of 64 bytes failed: Only part of a ReadProcessMemory or WriteProcessMemory request was completed. (0x12B)
[0605/135128.557:WARNING:pe_image_reader.cc(340)] could not read dos header from C:\WINDOWS\SYSTEM32\SSPICLI.DLL
[0605/135128.557:ERROR:process_memory_win.cc(73)] ReadMemory at 0x7ff82db40000 of 64 bytes failed: Only part of a ReadProcessMemory or WriteProcessMemory request was completed. (0x12B)
[0605/135128.557:WARNING:pe_image_reader.cc(340)] could not read dos header from C:\WINDOWS\SYSTEM32\CRYPTBASE.DLL
[0605/135128.742:ERROR:process_memory_win.cc(73)] ReadMemory at 0x9ae63e0000 of 131072 bytes failed: Only part of a ReadProcessMemory or WriteProcessMemory request was completed. (0x12B)
[0605/135128.742:ERROR:process_memory_win.cc(73)] ReadMemory at 0x9ae6bfd000 of 12288 bytes failed: Only part of a ReadProcessMemory or WriteProcessMemory request was completed. (0x12B)
[0605/135128.742:ERROR:process_memory_win.cc(73)] ReadMemory at 0x9ae7bfd000 of 12288 bytes failed: Only part of a ReadProcessMemory or WriteProcessMemory request was completed. (0x12B)
[0605/135128.743:ERROR:process_memory_win.cc(73)] ReadMemory at 0x9ae83fb000 of 20480 bytes failed: Only part of a ReadProcessMemory or WriteProcessMemory request was completed. (0x12B)
[0605/135128.743:ERROR:process_memory_win.cc(73)] ReadMemory at 0x9ae8bfe000 of 8192 bytes failed: Only part of a ReadProcessMemory or WriteProcessMemory request was completed. (0x12B)
[0605/135128.743:ERROR:process_memory_win.cc(73)] ReadMemory at 0x9ae93fd000 of 12288 bytes failed: Only part of a ReadProcessMemory or WriteProcessMemory request was completed. (0x12B)
[0605/135128.743:ERROR:process_memory_win.cc(73)] ReadMemory at 0x9ae9bfb000 of 20480 bytes failed: Only part of a ReadProcessMemory or WriteProcessMemory request was completed. (0x12B)
[0605/135128.743:ERROR:process_memory_win.cc(73)] ReadMemory at 0x9aeabfd000 of 12288 bytes failed: Only part of a ReadProcessMemory or WriteProcessMemory request was completed. (0x12B)
[0605/135128.743:ERROR:process_memory_win.cc(73)] ReadMemory at 0x9aeb3f5000 of 45056 bytes failed: Only part of a ReadProcessMemory or WriteProcessMemory request was completed. (0x12B)
[0605/135128.743:ERROR:process_memory_win.cc(73)] ReadMemory at 0x9aebbf5000 of 45056 bytes failed: Only part of a ReadProcessMemory or WriteProcessMemory request was completed. (0x12B)
[0605/135128.743:ERROR:process_memory_win.cc(73)] ReadMemory at 0x9aec3fc000 of 16384 bytes failed: Only part of a ReadProcessMemory or WriteProcessMemory request was completed. (0x12B)
[0605/135128.743:ERROR:process_memory_win.cc(73)] ReadMemory at 0x9ae73fd000 of 12288 bytes failed: Only part of a ReadProcessMemory or WriteProcessMemory request was completed. (0x12B)
[0605/135128.743:ERROR:process_memory_win.cc(73)] ReadMemory at 0x9aea3f6000 of 40960 bytes failed: Only part of a ReadProcessMemory or WriteProcessMemory request was completed. (0x12B)
[0605/135128.744:ERROR:process_memory_win.cc(73)] ReadMemory at 0x9aecbff000 of 4096 bytes failed: Only part of a ReadProcessMemory or WriteProcessMemory request was completed. (0x12B)
[0605/135128.744:ERROR:process_memory_win.cc(73)] ReadMemory at 0x9ae5a08000 of 6024 bytes failed: Only part of a ReadProcessMemory or WriteProcessMemory request was completed. (0x12B)
[0605/135128.744:ERROR:process_memory_win.cc(73)] ReadMemory at 0x9ae5aa2000 of 6024 bytes failed: Only part of a ReadProcessMemory or WriteProcessMemory request was completed. (0x12B)
[0605/135128.744:ERROR:process_memory_win.cc(73)] ReadMemory at 0x9ae5aa6000 of 6024 bytes failed: Only part of a ReadProcessMemory or WriteProcessMemory request was completed. (0x12B)
[0605/135128.744:ERROR:process_memory_win.cc(73)] ReadMemory at 0x9ae5be4000 of 852 bytes failed: Only part of a ReadProcessMemory or WriteProcessMemory request was completed. (0x12B)
[0605/135128.744:ERROR:process_memory_win.cc(73)] ReadMemory at 0x9ae5be5000 of 6024 bytes failed: Only part of a ReadProcessMemory or WriteProcessMemory request was completed. (0x12B)
[0605/135128.744:ERROR:process_memory_win.cc(73)] ReadMemory at 0x9ae5be7000 of 6024 bytes failed: Only part of a ReadProcessMemory or WriteProcessMemory request was completed. (0x12B)
[0605/135128.744:ERROR:process_memory_win.cc(73)] ReadMemory at 0x9ae5beb000 of 6024 bytes failed: Only part of a ReadProcessMemory or WriteProcessMemory request was completed. (0x12B)
[0605/135128.744:ERROR:process_memory_win.cc(73)] ReadMemory at 0x9ae5bed000 of 6024 bytes failed: Only part of a ReadProcessMemory or WriteProcessMemory request was completed. (0x12B)
[0605/135128.745:ERROR:process_memory_win.cc(73)] ReadMemory at 0x9ae5bef000 of 6024 bytes failed: Only part of a ReadProcessMemory or WriteProcessMemory request was completed. (0x12B)
[0605/135128.745:ERROR:process_memory_win.cc(73)] ReadMemory at 0x9ae5bf1000 of 6024 bytes failed: Only part of a ReadProcessMemory or WriteProcessMemory request was completed. (0x12B)
[0605/135128.745:ERROR:process_memory_win.cc(73)] ReadMemory at 0x9ae5bf3000 of 6024 bytes failed: Only part of a ReadProcessMemory or WriteProcessMemory request was completed. (0x12B)
[0605/135128.745:ERROR:process_memory_win.cc(73)] ReadMemory at 0x9ae5bf7000 of 6024 bytes failed: Only part of a ReadProcessMemory or WriteProcessMemory request was completed. (0x12B)
[0605/135128.745:ERROR:process_memory_win.cc(73)] ReadMemory at 0x9ae5bf9000 of 6024 bytes failed: Only part of a ReadProcessMemory or WriteProcessMemory request was completed. (0x12B)
[0605/135128.745:ERROR:process_memory_win.cc(73)] ReadMemory at 0x9ae5bfb000 of 6024 bytes failed: Only part of a ReadProcessMemory or WriteProcessMemory request was completed. (0x12B)
[0605/135128.745:ERROR:process_memory_win.cc(73)] ReadMemory at 0x9ae5bfd000 of 6024 bytes failed: Only part of a ReadProcessMemory or WriteProcessMemory request was completed. (0x12B)
[0605/135128.745:ERROR:process_memory_win.cc(73)] ReadMemory at 0x1d10c515100 of 512 bytes failed: Only part of a ReadProcessMemory or WriteProcessMemory request was completed. (0x12B)
[0605/135128.745:ERROR:process_memory_win.cc(73)] ReadMemory at 0x1d10ce75450 of 512 bytes failed: Only part of a ReadProcessMemory or WriteProcessMemory request was completed. (0x12B)
[0605/135128.745:ERROR:process_memory_win.cc(73)] ReadMemory at 0x1d10ce75a50 of 512 bytes failed: Only part of a ReadProcessMemory or WriteProcessMemory request was completed. (0x12B)
[0605/135128.745:ERROR:process_memory_win.cc(73)] ReadMemory at 0x1d10ce75c60 of 512 bytes failed: Only part of a ReadProcessMemory or WriteProcessMemory request was completed. (0x12B)
[0605/135128.745:ERROR:process_memory_win.cc(73)] ReadMemory at 0x1d169800750 of 80 bytes failed: Only part of a ReadProcessMemory or WriteProcessMemory request was completed. (0x12B)
[0605/135128.746:ERROR:process_memory_win.cc(73)] ReadMemory at 0x1d169800fe0 of 5154 bytes failed: Only part of a ReadProcessMemory or WriteProcessMemory request was completed. (0x12B)
[0605/135128.746:ERROR:process_memory_win.cc(73)] ReadMemory at 0x1d169802410 of 1012 bytes failed: Only part of a ReadProcessMemory or WriteProcessMemory request was completed. (0x12B)
[0605/135128.746:ERROR:process_memory_win.cc(73)] ReadMemory at 0x1d169802a58 of 118 bytes failed: Only part of a ReadProcessMemory or WriteProcessMemory request was completed. (0x12B)
[0605/135128.746:ERROR:process_memory_win.cc(73)] ReadMemory at 0x1d169802ad0 of 748 bytes failed: Only part of a ReadProcessMemory or WriteProcessMemory request was completed. (0x12B)
[0605/135128.746:ERROR:process_memory_win.cc(73)] ReadMemory at 0x1d169802dbe of 118 bytes failed: Only part of a ReadProcessMemory or WriteProcessMemory request was completed. (0x12B)
[0605/135128.746:ERROR:process_memory_win.cc(73)] ReadMemory at 0x1d169802e36 of 102 bytes failed: Only part of a ReadProcessMemory or WriteProcessMemory request was completed. (0x12B)
[0605/135128.746:ERROR:process_memory_win.cc(73)] ReadMemory at 0x1d169802eb0 of 58 bytes failed: Only part of a ReadProcessMemory or WriteProcessMemory request was completed. (0x12B)
[0605/135128.746:ERROR:process_memory_win.cc(73)] ReadMemory at 0x1d169802fb0 of 132 bytes failed: Only part of a ReadProcessMemory or WriteProcessMemory request was completed. (0x12B)
[0605/135128.746:ERROR:process_memory_win.cc(73)] ReadMemory at 0x1d169803140 of 132 bytes failed: Only part of a ReadProcessMemory or WriteProcessMemory request was completed. (0x12B)
[0605/135128.746:ERROR:process_memory_win.cc(73)] ReadMemory at 0x1d169803300 of 124 bytes failed: Only part of a ReadProcessMemory or WriteProcessMemory request was completed. (0x12B)
[0605/135128.746:ERROR:process_memory_win.cc(73)] ReadMemory at 0x1d1698036e0 of 132 bytes failed: Only part of a ReadProcessMemory or WriteProcessMemory request was completed. (0x12B)
[0605/135128.746:ERROR:process_memory_win.cc(73)] ReadMemory at 0x1d169803870 of 64 bytes failed: Only part of a ReadProcessMemory or WriteProcessMemory request was completed. (0x12B)
[0605/135128.746:ERROR:process_memory_win.cc(73)] ReadMemory at 0x1d1698038c0 of 132 bytes failed: Only part of a ReadProcessMemory or WriteProcessMemory request was completed. (0x12B)
[0605/135128.746:ERROR:process_memory_win.cc(73)] ReadMemory at 0x1d1698039f0 of 144 bytes failed: Only part of a ReadProcessMemory or WriteProcessMemory request was completed. (0x12B)
[0605/135128.746:ERROR:process_memory_win.cc(73)] ReadMemory at 0x1d169803cd0 of 132 bytes failed: Only part of a ReadProcessMemory or WriteProcessMemory request was completed. (0x12B)
[0605/135128.747:ERROR:process_memory_win.cc(73)] ReadMemory at 0x1d169803e60 of 68 bytes failed: Only part of a ReadProcessMemory or WriteProcessMemory request was completed. (0x12B)
[0605/135128.747:ERROR:process_memory_win.cc(73)] ReadMemory at 0x1d169804fb0 of 132 bytes failed: Only part of a ReadProcessMemory or WriteProcessMemory request was completed. (0x12B)
[0605/135128.747:ERROR:process_memory_win.cc(73)] ReadMemory at 0x1d1698050e0 of 152 bytes failed: Only part of a ReadProcessMemory or WriteProcessMemory request was completed. (0x12B)
[0605/135128.747:ERROR:process_memory_win.cc(73)] ReadMemory at 0x1d169805e90 of 62 bytes failed: Only part of a ReadProcessMemory or WriteProcessMemory request was completed. (0x12B)
[0605/135128.747:ERROR:process_memory_win.cc(73)] ReadMemory at 0x1d169805ee0 of 132 bytes failed: Only part of a ReadProcessMemory or WriteProcessMemory request was completed. (0x12B)
[0605/135128.747:ERROR:process_memory_win.cc(73)] ReadMemory at 0x1d169806080 of 60 bytes failed: Only part of a ReadProcessMemory or WriteProcessMemory request was completed. (0x12B)
[0605/135128.747:ERROR:process_memory_win.cc(73)] ReadMemory at 0x1d169806670 of 132 bytes failed: Only part of a ReadProcessMemory or WriteProcessMemory request was completed. (0x12B)
[0605/135128.747:ERROR:process_memory_win.cc(73)] ReadMemory at 0x1d1698081a0 of 132 bytes failed: Only part of a ReadProcessMemory or WriteProcessMemory request was completed. (0x12B)
[0605/135128.747:ERROR:process_memory_win.cc(73)] ReadMemory at 0x1d1698083e0 of 132 bytes failed: Only part of a ReadProcessMemory or WriteProcessMemory request was completed. (0x12B)
[0605/135128.747:ERROR:process_memory_win.cc(73)] ReadMemory at 0x1d16980b330 of 62 bytes failed: Only part of a ReadProcessMemory or WriteProcessMemory request was completed. (0x12B)
[0605/135128.747:ERROR:process_memory_win.cc(73)] ReadMemory at 0x1d16980b420 of 64 bytes failed: Only part of a ReadProcessMemory or WriteProcessMemory request was completed. (0x12B)
[0605/135128.747:ERROR:process_memory_win.cc(73)] ReadMemory at 0x1d16980b560 of 64 bytes failed: Only part of a ReadProcessMemory or WriteProcessMemory request was completed. (0x12B)
[0605/135128.747:ERROR:process_memory_win.cc(73)] ReadMemory at 0x1d16980b650 of 60 bytes failed: Only part of a ReadProcessMemory or WriteProcessMemory request was completed. (0x12B)
[0605/135128.748:ERROR:process_memory_win.cc(73)] ReadMemory at 0x1d16980b6a0 of 60 bytes failed: Only part of a ReadProcessMemory or WriteProcessMemory request was completed. (0x12B)
[0605/135128.748:ERROR:process_memory_win.cc(73)] ReadMemory at 0x1d16980b790 of 66 bytes failed: Only part of a ReadProcessMemory or WriteProcessMemory request was completed. (0x12B)
[0605/135128.748:ERROR:process_memory_win.cc(73)] ReadMemory at 0x1d16980b920 of 64 bytes failed: Only part of a ReadProcessMemory or WriteProcessMemory request was completed. (0x12B)
[0605/135128.748:ERROR:process_memory_win.cc(73)] ReadMemory at 0x1d16980b9c0 of 64 bytes failed: Only part of a ReadProcessMemory or WriteProcessMemory request was completed. (0x12B)
[0605/135128.748:ERROR:process_memory_win.cc(73)] ReadMemory at 0x1d16980ba10 of 62 bytes failed: Only part of a ReadProcessMemory or WriteProcessMemory request was completed. (0x12B)
[0605/135128.748:ERROR:process_memory_win.cc(73)] ReadMemory at 0x1d16980baa0 of 132 bytes failed: Only part of a ReadProcessMemory or WriteProcessMemory request was completed. (0x12B)
[0605/135128.748:ERROR:process_memory_win.cc(73)] ReadMemory at 0x1d16980c3e0 of 132 bytes failed: Only part of a ReadProcessMemory or WriteProcessMemory request was completed. (0x12B)
[0605/135128.749:ERROR:process_memory_win.cc(73)] ReadMemory at 0x1d16980c710 of 132 bytes failed: Only part of a ReadProcessMemory or WriteProcessMemory request was completed. (0x12B)
[0605/135128.749:ERROR:process_memory_win.cc(73)] ReadMemory at 0x1d16980c840 of 132 bytes failed: Only part of a ReadProcessMemory or WriteProcessMemory request was completed. (0x12B)
[0605/135128.749:ERROR:process_memory_win.cc(73)] ReadMemory at 0x1d16980c970 of 132 bytes failed: Only part of a ReadProcessMemory or WriteProcessMemory request was completed. (0x12B)
[0605/135128.749:ERROR:process_memory_win.cc(73)] ReadMemory at 0x1d16980caa0 of 132 bytes failed: Only part of a ReadProcessMemory or WriteProcessMemory request was completed. (0x12B)
[0605/135128.749:ERROR:process_memory_win.cc(73)] ReadMemory at 0x1d16980cbd0 of 132 bytes failed: Only part of a ReadProcessMemory or WriteProcessMemory request was completed. (0x12B)
[0605/135128.749:ERROR:process_memory_win.cc(73)] ReadMemory at 0x1d16980cd00 of 132 bytes failed: Only part of a ReadProcessMemory or WriteProcessMemory request was completed. (0x12B)
[0605/135128.751:ERROR:process_memory_win.cc(73)] ReadMemory at 0x1d16980cf60 of 132 bytes failed: Only part of a ReadProcessMemory or WriteProcessMemory request was completed. (0x12B)
[0605/135128.751:ERROR:process_memory_win.cc(73)] ReadMemory at 0x1d16980d090 of 132 bytes failed: Only part of a ReadProcessMemory or WriteProcessMemory request was completed. (0x12B)
[0605/135128.752:ERROR:process_memory_win.cc(73)] ReadMemory at 0x1d16980d1c0 of 132 bytes failed: Only part of a ReadProcessMemory or WriteProcessMemory request was completed. (0x12B)
[0605/135128.752:ERROR:process_memory_win.cc(73)] ReadMemory at 0x1d16980d2f0 of 132 bytes failed: Only part of a ReadProcessMemory or WriteProcessMemory request was completed. (0x12B)
[0605/135128.752:ERROR:process_memory_win.cc(73)] ReadMemory at 0x1d16980d420 of 132 bytes failed: Only part of a ReadProcessMemory or WriteProcessMemory request was completed. (0x12B)
[0605/135128.753:ERROR:process_memory_win.cc(73)] ReadMemory at 0x1d16980d550 of 132 bytes failed: Only part of a ReadProcessMemory or WriteProcessMemory request was completed. (0x12B)
[0605/135128.753:ERROR:process_memory_win.cc(73)] ReadMemory at 0x1d16980e810 of 54 bytes failed: Only part of a ReadProcessMemory or WriteProcessMemory request was completed. (0x12B)
[0605/135128.753:ERROR:process_memory_win.cc(73)] ReadMemory at 0x1d169811860 of 132 bytes failed: Only part of a ReadProcessMemory or WriteProcessMemory request was completed. (0x12B)
[0605/135128.753:ERROR:process_memory_win.cc(73)] ReadMemory at 0x1d169811a90 of 132 bytes failed: Only part of a ReadProcessMemory or WriteProcessMemory request was completed. (0x12B)
[0605/135128.753:ERROR:process_memory_win.cc(73)] ReadMemory at 0x1d169814800 of 132 bytes failed: Only part of a ReadProcessMemory or WriteProcessMemory request was completed. (0x12B)
[0605/135128.753:ERROR:process_memory_win.cc(73)] ReadMemory at 0x1d169814930 of 132 bytes failed: Only part of a ReadProcessMemory or WriteProcessMemory request was completed. (0x12B)
[0605/135128.753:ERROR:process_memory_win.cc(73)] ReadMemory at 0x1d169814b50 of 132 bytes failed: Only part of a ReadProcessMemory or WriteProcessMemory request was completed. (0x12B)
[0605/135128.753:ERROR:process_memory_win.cc(73)] ReadMemory at 0x1d169815460 of 76 bytes failed: Only part of a ReadProcessMemory or WriteProcessMemory request was completed. (0x12B)
[0605/135128.753:ERROR:process_memory_win.cc(73)] ReadMemory at 0x1d169815d60 of 80 bytes failed: Only part of a ReadProcessMemory or WriteProcessMemory request was completed. (0x12B)
[0605/135128.753:ERROR:process_memory_win.cc(73)] ReadMemory at 0x1d169816500 of 60 bytes failed: Only part of a ReadProcessMemory or WriteProcessMemory request was completed. (0x12B)
[0605/135128.753:ERROR:process_memory_win.cc(73)] ReadMemory at 0x1d169816550 of 62 bytes failed: Only part of a ReadProcessMemory or WriteProcessMemory request was completed. (0x12B)
[0605/135128.753:ERROR:process_memory_win.cc(73)] ReadMemory at 0x1d169816690 of 62 bytes failed: Only part of a ReadProcessMemory or WriteProcessMemory request was completed. (0x12B)
[0605/135128.753:ERROR:process_memory_win.cc(73)] ReadMemory at 0x1d169816730 of 62 bytes failed: Only part of a ReadProcessMemory or WriteProcessMemory request was completed. (0x12B)
[0605/135128.753:ERROR:process_memory_win.cc(73)] ReadMemory at 0x1d1698168c0 of 60 bytes failed: Only part of a ReadProcessMemory or WriteProcessMemory request was completed. (0x12B)
[0605/135128.754:ERROR:process_memory_win.cc(73)] ReadMemory at 0x1d169816a00 of 62 bytes failed: Only part of a ReadProcessMemory or WriteProcessMemory request was completed. (0x12B)
[0605/135128.754:ERROR:process_memory_win.cc(73)] ReadMemory at 0x1d169816b40 of 62 bytes failed: Only part of a ReadProcessMemory or WriteProcessMemory request was completed. (0x12B)
[0605/135128.754:ERROR:process_memory_win.cc(73)] ReadMemory at 0x1d169816c80 of 64 bytes failed: Only part of a ReadProcessMemory or WriteProcessMemory request was completed. (0x12B)
[0605/135128.754:ERROR:process_memory_win.cc(73)] ReadMemory at 0x1d169816d20 of 60 bytes failed: Only part of a ReadProcessMemory or WriteProcessMemory request was completed. (0x12B)
[0605/135128.754:ERROR:process_memory_win.cc(73)] ReadMemory at 0x1d169816dc0 of 58 bytes failed: Only part of a ReadProcessMemory or WriteProcessMemory request was completed. (0x12B)
[0605/135128.754:ERROR:process_memory_win.cc(73)] ReadMemory at 0x1d169816e10 of 62 bytes failed: Only part of a ReadProcessMemory or WriteProcessMemory request was completed. (0x12B)
[0605/135128.754:ERROR:process_memory_win.cc(73)] ReadMemory at 0x1d169816e60 of 62 bytes failed: Only part of a ReadProcessMemory or WriteProcessMemory request was completed. (0x12B)
[0605/135128.754:ERROR:process_memory_win.cc(73)] ReadMemory at 0x1d169816fa0 of 64 bytes failed: Only part of a ReadProcessMemory or WriteProcessMemory request was completed. (0x12B)
[0605/135128.754:ERROR:process_memory_win.cc(73)] ReadMemory at 0x1d169816ff0 of 62 bytes failed: Only part of a ReadProcessMemory or WriteProcessMemory request was completed. (0x12B)
[0605/135128.754:ERROR:process_memory_win.cc(73)] ReadMemory at 0x1d1698170e0 of 60 bytes failed: Only part of a ReadProcessMemory or WriteProcessMemory request was completed. (0x12B)
[0605/135128.754:ERROR:process_memory_win.cc(73)] ReadMemory at 0x1d169817130 of 64 bytes failed: Only part of a ReadProcessMemory or WriteProcessMemory request was completed. (0x12B)
[0605/135128.754:ERROR:process_memory_win.cc(73)] ReadMemory at 0x1d169817180 of 64 bytes failed: Only part of a ReadProcessMemory or WriteProcessMemory request was completed. (0x12B)
[0605/135128.754:ERROR:process_memory_win.cc(73)] ReadMemory at 0x1d1698171d0 of 66 bytes failed: Only part of a ReadProcessMemory or WriteProcessMemory request was completed. (0x12B)
[0605/135128.754:ERROR:process_memory_win.cc(73)] ReadMemory at 0x1d169817c20 of 132 bytes failed: Only part of a ReadProcessMemory or WriteProcessMemory request was completed. (0x12B)
[0605/135128.754:ERROR:process_memory_win.cc(73)] ReadMemory at 0x1d169818210 of 132 bytes failed: Only part of a ReadProcessMemory or WriteProcessMemory request was completed. (0x12B)
[0605/135128.755:ERROR:process_memory_win.cc(73)] ReadMemory at 0x1d1698186d0 of 132 bytes failed: Only part of a ReadProcessMemory or WriteProcessMemory request was completed. (0x12B)
[0605/135128.755:ERROR:process_memory_win.cc(73)] ReadMemory at 0x1d169818800 of 132 bytes failed: Only part of a ReadProcessMemory or WriteProcessMemory request was completed. (0x12B)
[0605/135128.755:ERROR:process_memory_win.cc(73)] ReadMemory at 0x1d169818930 of 132 bytes failed: Only part of a ReadProcessMemory or WriteProcessMemory request was completed. (0x12B)
[0605/135128.755:ERROR:process_memory_win.cc(73)] ReadMemory at 0x1d169818a60 of 132 bytes failed: Only part of a ReadProcessMemory or WriteProcessMemory request was completed. (0x12B)
[0605/135128.755:ERROR:process_memory_win.cc(73)] ReadMemory at 0x1d169818b90 of 132 bytes failed: Only part of a ReadProcessMemory or WriteProcessMemory request was completed. (0x12B)
[0605/135128.755:ERROR:process_memory_win.cc(73)] ReadMemory at 0x1d169818cc0 of 132 bytes failed: Only part of a ReadProcessMemory or WriteProcessMemory request was completed. (0x12B)
[0605/135128.755:ERROR:process_memory_win.cc(73)] ReadMemory at 0x1d169818df0 of 132 bytes failed: Only part of a ReadProcessMemory or WriteProcessMemory request was completed. (0x12B)
[0605/135128.755:ERROR:process_memory_win.cc(73)] ReadMemory at 0x1d169819640 of 132 bytes failed: Only part of a ReadProcessMemory or WriteProcessMemory request was completed. (0x12B)
[0605/135128.755:ERROR:process_memory_win.cc(73)] ReadMemory at 0x1d16982db00 of 512 bytes failed: Only part of a ReadProcessMemory or WriteProcessMemory request was completed. (0x12B)
[0605/135128.755:ERROR:process_memory_win.cc(73)] ReadMemory at 0x1d16982e8c0 of 512 bytes failed: Only part of a ReadProcessMemory or WriteProcessMemory request was completed. (0x12B)
[0605/135128.755:ERROR:process_memory_win.cc(73)] ReadMemory at 0x1d169b01900 of 512 bytes failed: Only part of a ReadProcessMemory or WriteProcessMemory request was completed. (0x12B)
[0605/135128.755:ERROR:process_memory_win.cc(73)] ReadMemory at 0x1d169b06400 of 512 bytes failed: Only part of a ReadProcessMemory or WriteProcessMemory request was completed. (0x12B)
[0605/135128.755:ERROR:process_memory_win.cc(73)] ReadMemory at 0x1d169f80000 of 384 bytes failed: Only part of a ReadProcessMemory or WriteProcessMemory request was completed. (0x12B)
[0605/135128.755:ERROR:process_memory_win.cc(73)] ReadMemory at 0x1d169fbf1d8 of 512 bytes failed: Only part of a ReadProcessMemory or WriteProcessMemory request was completed. (0x12B)
[0605/135128.756:ERROR:process_memory_win.cc(73)] ReadMemory at 0x1d169fc0800 of 512 bytes failed: Only part of a ReadProcessMemory or WriteProcessMemory request was completed. (0x12B)
[0605/135128.756:ERROR:process_memory_win.cc(73)] ReadMemory at 0x1d169fda460 of 512 bytes failed: Only part of a ReadProcessMemory or WriteProcessMemory request was completed. (0x12B)
[0605/135128.756:ERROR:process_memory_win.cc(73)] ReadMemory at 0x1d169fdfa10 of 512 bytes failed: Only part of a ReadProcessMemory or WriteProcessMemory request was completed. (0x12B)
[0605/135128.756:ERROR:process_memory_win.cc(73)] ReadMemory at 0x1d169fe5240 of 712 bytes failed: Only part of a ReadProcessMemory or WriteProcessMemory request was completed. (0x12B)
[0605/135128.756:ERROR:process_memory_win.cc(73)] ReadMemory at 0x1d169ff94d0 of 512 bytes failed: Only part of a ReadProcessMemory or WriteProcessMemory request was completed. (0x12B)
[0605/135128.756:ERROR:process_memory_win.cc(73)] ReadMemory at 0x1d16a0b0000 of 384 bytes failed: Only part of a ReadProcessMemory or WriteProcessMemory request was completed. (0x12B)
[0605/135128.756:ERROR:process_memory_win.cc(73)] ReadMemory at 0x1d16b67b880 of 512 bytes failed: Only part of a ReadProcessMemory or WriteProcessMemory request was completed. (0x12B)
[0605/135128.756:ERROR:process_memory_win.cc(73)] ReadMemory at 0x1d16b744400 of 512 bytes failed: Only part of a ReadProcessMemory or WriteProcessMemory request was completed. (0x12B)
[0605/135128.756:ERROR:process_memory_win.cc(73)] ReadMemory at 0x1d170b4aa80 of 512 bytes failed: Only part of a ReadProcessMemory or WriteProcessMemory request was completed. (0x12B)
[0605/135128.756:ERROR:process_memory_win.cc(73)] ReadMemory at 0x7ff80fe979a5 of 512 bytes failed: Only part of a ReadProcessMemory or WriteProcessMemory request was completed. (0x12B)
[0605/135128.756:ERROR:process_memory_win.cc(73)] ReadMemory at 0x7ff80fe98180 of 512 bytes failed: Only part of a ReadProcessMemory or WriteProcessMemory request was completed. (0x12B)
[0605/135128.756:ERROR:process_memory_win.cc(73)] ReadMemory at 0x7ff8312dc074 of 672 bytes failed: Only part of a ReadProcessMemory or WriteProcessMemory request was completed. (0x12B)
[0605/135128.756:ERROR:process_memory_win.cc(73)] ReadMemory at 0x7ff8312df924 of 608 bytes failed: Only part of a ReadProcessMemory or WriteProcessMemory request was completed. (0x12B)
[0605/135128.757:ERROR:process_memory_win.cc(73)] ReadMemory at 0x7ff83136c428 of 18 bytes failed: Only part of a ReadProcessMemory or WriteProcessMemory request was completed. (0x12B)
[0605/135128.757:ERROR:process_memory_win.cc(73)] ReadMemory at 0x7ff83139f4f8 of 40 bytes failed: Only part of a ReadProcessMemory or WriteProcessMemory request was completed. (0x12B)
[0605/135128.757:ERROR:process_memory_win.cc(73)] ReadMemory at 0x7ff83139f978 of 48 bytes failed: Only part of a ReadProcessMemory or WriteProcessMemory request was completed. (0x12B)
[0605/135128.757:ERROR:process_memory_win.cc(73)] ReadMemory at 0x7ff8313a53c0 of 64 bytes failed: Only part of a ReadProcessMemory or WriteProcessMemory request was completed. (0x12B)
[0605/135128.757:ERROR:process_memory_win.cc(73)] ReadMemory at 0x7fffd317ebf2 of 512 bytes failed: Only part of a ReadProcessMemory or WriteProcessMemory request was completed. (0x12B)
[0605/135128.757:ERROR:process_memory_win.cc(73)] ReadMemory at 0x7fffd7d5aa30 of 512 bytes failed: Only part of a ReadProcessMemory or WriteProcessMemory request was completed. (0x12B)
[0605/135128.757:ERROR:process_memory_win.cc(73)] ReadMemory at 0x7fffd7d7f138 of 512 bytes failed: Only part of a ReadProcessMemory or WriteProcessMemory request was completed. (0x12B)
[0605/135128.894:ERROR:scoped_process_suspend.cc(40)] NtResumeProcess: An attempt was made to access an exiting process. (0xc000010a)
[0615/230302.761:ERROR:file_io.cc(89)] ReadExactly: expected 36, observed 0
[0618/210817.158:ERROR:http_transport_win.cc(349)] WinHttpWriteData: The operation completed successfully. (0x0)
[0702/011334.910:ERROR:process_reader_win.cc(123)] NtOpenThread: {Access Denied} A process has requested access to an object, but has not been granted those access rights. (0xc0000022)
[0702/011334.925:ERROR:process_reader_win.cc(123)] NtOpenThread: {Access Denied} A process has requested access to an object, but has not been granted those access rights. (0xc0000022)
[0702/011334.800:ERROR:process_reader_win.cc(123)] NtOpenThread: {Access Denied} A process has requested access to an object, but has not been granted those access rights. (0xc0000022)
[0702/011335.332:ERROR:exception_snapshot_win.cc(98)] thread ID 32 not found in process
[0702/011335.332:ERROR:exception_snapshot_win.cc(98)] thread ID 516 not found in process
[0702/011335.332:ERROR:exception_snapshot_win.cc(98)] thread ID 1384 not found in process
